[INFO ] 31:01:2023 03:22:58 Global:9 - Providing the Facebook URL
[INFO ] 31:01:2023 03:23:06 Global:11 - The facebook page is launched
[INFO ] 31:01:2023 03:23:36 Global:22 - The email id is provided
[INFO ] 31:01:2023 03:23:36 Global:24 - The password is provided
[INFO ] 31:01:2023 03:23:43 Global:30 - clicked on log in button
[INFO ] 31:01:2023 03:27:35 class:9 - Providing the Facebook URL
[INFO ] 31:01:2023 03:27:38 class:11 - The facebook page is launched
[INFO ] 31:01:2023 03:27:47 class:22 - The email id is provided
[INFO ] 31:01:2023 03:27:47 class:24 - The password is provided
[INFO ] 31:01:2023 03:27:57 class:30 - clicked on log in button
[INFO ] 31:01:2023 03:35:30 :9 - Providing the Facebook URL
[INFO ] 31:01:2023 03:37:52 log:9 - Providing the Facebook URL
[INFO ] 31:01:2023 03:37:55 log:11 - The facebook page is launched
[INFO ] 31:01:2023 03:38:04 log:22 - The email id is provided
[INFO ] 31:01:2023 03:38:04 log:24 - The password is provided
[INFO ] 31:01:2023 03:38:13 log:30 - clicked on log in button
[INFO ] 31:01:2023 03:41:11 @line:9 - Providing the Facebook URL
[INFO ] 31:01:2023 03:41:15 @line:11 - The facebook page is launched
[INFO ] 31:01:2023 03:41:20 @line:22 - The email id is provided
[INFO ] 31:01:2023 03:41:21 @line:24 - The password is provided
[INFO ] 31:01:2023 03:41:25 @line:30 - clicked on log in button
[INFO ] 31:01:2023 03:42:12 @lineno:9 - Providing the Facebook URL
[INFO ] 31:01:2023 03:42:17 @lineno:11 - The facebook page is launched
[INFO ] 31:01:2023 03:42:25 @lineno:22 - The email id is provided
[INFO ] 31:01:2023 03:42:25 @lineno:24 - The password is provided
[INFO ] 31:01:2023 03:42:33 @lineno:30 - clicked on log in button
